<?xml version="1.0" encoding="UTF-8"?>
<testng-results skipped="0" failed="1" total="4" passed="3">
  <reporter-output>
  </reporter-output>
  <suite name="Default suite" duration-ms="117552" started-at="2018-02-01T13:36:08Z" finished-at="2018-02-01T13:38:06Z">
    <groups>
    </groups>
    <test name="Default test" duration-ms="117552" started-at="2018-02-01T13:36:08Z" finished-at="2018-02-01T13:38:06Z">
      <class name="com.Cogniphy.Protection.Muthoot.TestSuites.ERTPerformance_Suite">
        <test-method status="PASS" signature="loadlog4j()[pri:0, instance:com.Cogniphy.Protection.Muthoot.TestSuites.ERTPerformance_Suite@670b40af]" name="loadlog4j" is-config="true" duration-ms="39" started-at="2018-02-01T19:06:08Z" finished-at="2018-02-01T19:06:08Z">
          <reporter-output>
          </reporter-output>
        </test-method> <!-- loadlog4j -->
        <test-method status="PASS" signature="beforeMethod(java.lang.reflect.Method)[pri:0, instance:com.Cogniphy.Protection.Muthoot.TestSuites.ERTPerformance_Suite@670b40af]" name="beforeMethod" is-config="true" duration-ms="6" started-at="2018-02-01T19:06:08Z" finished-at="2018-02-01T19:06:08Z">
          <params>
            <param index="0">
              <value>
                <![CDATA[public void com.Cogniphy.Protection.Muthoot.TestSuites.ERTPerformance_Suite.TC_0001_Login() throws java.lang.Exception]]>
              </value>
            </param>
          </params>
          <reporter-output>
          </reporter-output>
        </test-method> <!-- beforeMethod -->
        <test-method status="PASS" signature="TC_0001_Login()[pri:0, instance:com.Cogniphy.Protection.Muthoot.TestSuites.ERTPerformance_Suite@670b40af]" name="TC_0001_Login" duration-ms="61676" started-at="2018-02-01T19:06:08Z" finished-at="2018-02-01T19:07:10Z">
          <reporter-output>
          </reporter-output>
        </test-method> <!-- TC_0001_Login -->
        <test-method status="PASS" signature="afterMethod(org.testng.ITestResult)[pri:0, instance:com.Cogniphy.Protection.Muthoot.TestSuites.ERTPerformance_Suite@670b40af]" name="afterMethod" is-config="true" duration-ms="1" started-at="2018-02-01T19:07:10Z" finished-at="2018-02-01T19:07:10Z">
          <params>
            <param index="0">
              <value>
                <![CDATA[[TestResult name=TC_0001_Login status=SUCCESS method=ERTPerformance_Suite.TC_0001_Login()[pri:0, instance:com.Cogniphy.Protection.Muthoot.TestSuites.ERTPerformance_Suite@670b40af] output={null}]]]>
              </value>
            </param>
          </params>
          <reporter-output>
          </reporter-output>
        </test-method> <!-- afterMethod -->
        <test-method status="PASS" signature="beforeMethod(java.lang.reflect.Method)[pri:0, instance:com.Cogniphy.Protection.Muthoot.TestSuites.ERTPerformance_Suite@670b40af]" name="beforeMethod" is-config="true" duration-ms="0" started-at="2018-02-01T19:07:10Z" finished-at="2018-02-01T19:07:10Z">
          <params>
            <param index="0">
              <value>
                <![CDATA[public void com.Cogniphy.Protection.Muthoot.TestSuites.ERTPerformance_Suite.TC_003_Verify_the_Performance_Report_in_the_submenu()]]>
              </value>
            </param>
          </params>
          <reporter-output>
          </reporter-output>
        </test-method> <!-- beforeMethod -->
        <test-method status="PASS" signature="TC_003_Verify_the_Performance_Report_in_the_submenu()[pri:0, instance:com.Cogniphy.Protection.Muthoot.TestSuites.ERTPerformance_Suite@670b40af]" name="TC_003_Verify_the_Performance_Report_in_the_submenu" duration-ms="8520" started-at="2018-02-01T19:07:10Z" finished-at="2018-02-01T19:07:18Z">
          <reporter-output>
          </reporter-output>
        </test-method> <!-- TC_003_Verify_the_Performance_Report_in_the_submenu -->
        <test-method status="PASS" signature="afterMethod(org.testng.ITestResult)[pri:0, instance:com.Cogniphy.Protection.Muthoot.TestSuites.ERTPerformance_Suite@670b40af]" name="afterMethod" is-config="true" duration-ms="0" started-at="2018-02-01T19:07:18Z" finished-at="2018-02-01T19:07:18Z">
          <params>
            <param index="0">
              <value>
                <![CDATA[[TestResult name=TC_003_Verify_the_Performance_Report_in_the_submenu status=SUCCESS method=ERTPerformance_Suite.TC_003_Verify_the_Performance_Report_in_the_submenu()[pri:0, instance:com.Cogniphy.Protection.Muthoot.TestSuites.ERTPerformance_Suite@670b40af] output={null}]]]>
              </value>
            </param>
          </params>
          <reporter-output>
          </reporter-output>
        </test-method> <!-- afterMethod -->
        <test-method status="PASS" signature="beforeMethod(java.lang.reflect.Method)[pri:0, instance:com.Cogniphy.Protection.Muthoot.TestSuites.ERTPerformance_Suite@670b40af]" name="beforeMethod" is-config="true" duration-ms="0" started-at="2018-02-01T19:07:18Z" finished-at="2018-02-01T19:07:18Z">
          <params>
            <param index="0">
              <value>
                <![CDATA[public void com.Cogniphy.Protection.Muthoot.TestSuites.ERTPerformance_Suite.TC_006_verify_Tab_Status()]]>
              </value>
            </param>
          </params>
          <reporter-output>
          </reporter-output>
        </test-method> <!-- beforeMethod -->
        <test-method status="FAIL" signature="TC_006_verify_Tab_Status()[pri:0, instance:com.Cogniphy.Protection.Muthoot.TestSuites.ERTPerformance_Suite@670b40af]" name="TC_006_verify_Tab_Status" duration-ms="42521" started-at="2018-02-01T19:07:18Z" finished-at="2018-02-01T19:08:01Z">
          <exception class="org.openqa.selenium.NoSuchElementException">
            <message>
              <![CDATA[no such element: Unable to locate element: {"method":"id","selector":"sessionId"}
  (Session info: chrome=63.0.3239.132)
  (Driver info: chromedriver=2.33.506120 (e3e53437346286c0bc2d2dc9aa4915ba81d9023f),platform=Windows NT 6.3.9600 x86_64) (WARNING: The server did not provide any stacktrace information)
Command duration or timeout: 0 milliseconds
For documentation on this error, please visit: http://seleniumhq.org/exceptions/no_such_element.html
Build info: version: '3.8.1', revision: '6e95a6684b', time: '2017-12-01T18:33:54.468Z'
System info: host: 'USER', ip: '192.168.2.109', os.name: 'Windows 8.1', os.arch: 'amd64', os.version: '6.3', java.version: '1.8.0_91'
Driver info: org.openqa.selenium.chrome.ChromeDriver
Capabilities {acceptSslCerts: true, applicationCacheEnabled: false, browserConnectionEnabled: false, browserName: chrome, chrome: {chromedriverVersion: 2.33.506120 (e3e53437346286..., userDataDir: C:\Users\121\AppData\Local\...}, cssSelectorsEnabled: true, databaseEnabled: false, handlesAlerts: true, hasTouchScreen: false, javascriptEnabled: true, locationContextEnabled: true, mobileEmulationEnabled: false, nativeEvents: true, networkConnectionEnabled: false, pageLoadStrategy: normal, platform: XP, platformName: XP, rotatable: false, setWindowRect: true, takesHeapSnapshot: true, takesScreenshot: true, unexpectedAlertBehaviour: , unhandledPromptBehavior: , version: 63.0.3239.132, webStorageEnabled: true}
Session ID: f8baa5377376e995336b1406d76017d2
*** Element info: {Using=id, value=sessionId}]]>
            </message>
            <full-stacktrace>
              <![CDATA[org.openqa.selenium.NoSuchElementException: no such element: Unable to locate element: {"method":"id","selector":"sessionId"}
  (Session info: chrome=63.0.3239.132)
  (Driver info: chromedriver=2.33.506120 (e3e53437346286c0bc2d2dc9aa4915ba81d9023f),platform=Windows NT 6.3.9600 x86_64) (WARNING: The server did not provide any stacktrace information)
Command duration or timeout: 0 milliseconds
For documentation on this error, please visit: http://seleniumhq.org/exceptions/no_such_element.html
Build info: version: '3.8.1', revision: '6e95a6684b', time: '2017-12-01T18:33:54.468Z'
System info: host: 'USER', ip: '192.168.2.109', os.name: 'Windows 8.1', os.arch: 'amd64', os.version: '6.3', java.version: '1.8.0_91'
Driver info: org.openqa.selenium.chrome.ChromeDriver
Capabilities {acceptSslCerts: true, applicationCacheEnabled: false, browserConnectionEnabled: false, browserName: chrome, chrome: {chromedriverVersion: 2.33.506120 (e3e53437346286..., userDataDir: C:\Users\121\AppData\Local\...}, cssSelectorsEnabled: true, databaseEnabled: false, handlesAlerts: true, hasTouchScreen: false, javascriptEnabled: true, locationContextEnabled: true, mobileEmulationEnabled: false, nativeEvents: true, networkConnectionEnabled: false, pageLoadStrategy: normal, platform: XP, platformName: XP, rotatable: false, setWindowRect: true, takesHeapSnapshot: true, takesScreenshot: true, unexpectedAlertBehaviour: , unhandledPromptBehavior: , version: 63.0.3239.132, webStorageEnabled: true}
Session ID: f8baa5377376e995336b1406d76017d2
*** Element info: {Using=id, value=sessionId}
	at sun.reflect.NativeConstructorAccessorImpl.newInstance0(Native Method)
	at sun.reflect.NativeConstructorAccessorImpl.newInstance(Unknown Source)
	at sun.reflect.DelegatingConstructorAccessorImpl.newInstance(Unknown Source)
	at java.lang.reflect.Constructor.newInstance(Unknown Source)
	at org.openqa.selenium.remote.ErrorHandler.createThrowable(ErrorHandler.java:214)
	at org.openqa.selenium.remote.ErrorHandler.throwIfResponseFailed(ErrorHandler.java:166)
	at org.openqa.selenium.remote.http.JsonHttpResponseCodec.reconstructValue(JsonHttpResponseCodec.java:40)
	at org.openqa.selenium.remote.http.AbstractHttpResponseCodec.decode(AbstractHttpResponseCodec.java:80)
	at org.openqa.selenium.remote.http.AbstractHttpResponseCodec.decode(AbstractHttpResponseCodec.java:44)
	at org.openqa.selenium.remote.HttpCommandExecutor.execute(HttpCommandExecutor.java:164)
	at org.openqa.selenium.remote.service.DriverCommandExecutor.execute(DriverCommandExecutor.java:83)
	at org.openqa.selenium.remote.RemoteWebDriver.execute(RemoteWebDriver.java:601)
	at org.openqa.selenium.remote.RemoteWebDriver.findElement(RemoteWebDriver.java:371)
	at org.openqa.selenium.remote.RemoteWebDriver.findElementById(RemoteWebDriver.java:417)
	at org.openqa.selenium.By$ById.findElement(By.java:218)
	at org.openqa.selenium.remote.RemoteWebDriver.findElement(RemoteWebDriver.java:363)
	at com.Cogniphy.Protection.Muthoot.Reports.ERT_Performance_Page.select_Yestreday_Date(ERT_Performance_Page.java:65)
	at com.Cogniphy.Protection.Muthoot.TestSuites.ERTPerformance_Suite.TC_006_verify_Tab_Status(ERTPerformance_Suite.java:23)
	at sun.reflect.NativeMethodAccessorImpl.invoke0(Native Method)
	at sun.reflect.NativeMethodAccessorImpl.invoke(Unknown Source)
	at sun.reflect.DelegatingMethodAccessorImpl.invoke(Unknown Source)
	at java.lang.reflect.Method.invoke(Unknown Source)
	at org.testng.internal.MethodInvocationHelper.invokeMethod(MethodInvocationHelper.java:86)
	at org.testng.internal.Invoker.invokeMethod(Invoker.java:643)
	at org.testng.internal.Invoker.invokeTestMethod(Invoker.java:820)
	at org.testng.internal.Invoker.invokeTestMethods(Invoker.java:1128)
	at org.testng.internal.TestMethodWorker.invokeTestMethods(TestMethodWorker.java:129)
	at org.testng.internal.TestMethodWorker.run(TestMethodWorker.java:112)
	at org.testng.TestRunner.privateRun(TestRunner.java:782)
	at org.testng.TestRunner.run(TestRunner.java:632)
	at org.testng.SuiteRunner.runTest(SuiteRunner.java:366)
	at org.testng.SuiteRunner.runSequentially(SuiteRunner.java:361)
	at org.testng.SuiteRunner.privateRun(SuiteRunner.java:319)
	at org.testng.SuiteRunner.run(SuiteRunner.java:268)
	at org.testng.SuiteRunnerWorker.runSuite(SuiteRunnerWorker.java:52)
	at org.testng.SuiteRunnerWorker.run(SuiteRunnerWorker.java:86)
	at org.testng.TestNG.runSuitesSequentially(TestNG.java:1244)
	at org.testng.TestNG.runSuitesLocally(TestNG.java:1169)
	at org.testng.TestNG.run(TestNG.java:1064)
	at org.testng.remote.AbstractRemoteTestNG.run(AbstractRemoteTestNG.java:114)
	at org.testng.remote.RemoteTestNG.initAndRun(RemoteTestNG.java:251)
	at org.testng.remote.RemoteTestNG.main(RemoteTestNG.java:77)
]]>
            </full-stacktrace>
          </exception> <!-- org.openqa.selenium.NoSuchElementException -->
          <reporter-output>
          </reporter-output>
        </test-method> <!-- TC_006_verify_Tab_Status -->
        <test-method status="PASS" signature="afterMethod(org.testng.ITestResult)[pri:0, instance:com.Cogniphy.Protection.Muthoot.TestSuites.ERTPerformance_Suite@670b40af]" name="afterMethod" is-config="true" duration-ms="602" started-at="2018-02-01T19:08:01Z" finished-at="2018-02-01T19:08:01Z">
          <params>
            <param index="0">
              <value>
                <![CDATA[[TestResult name=TC_006_verify_Tab_Status status=FAILURE method=ERTPerformance_Suite.TC_006_verify_Tab_Status()[pri:0, instance:com.Cogniphy.Protection.Muthoot.TestSuites.ERTPerformance_Suite@670b40af] output={null}]]]>
              </value>
            </param>
          </params>
          <reporter-output>
          </reporter-output>
        </test-method> <!-- afterMethod -->
        <test-method status="PASS" signature="TC_011_verify_ManualAtendance_column()[pri:0, instance:com.Cogniphy.Protection.Muthoot.TestSuites.ERTPerformance_Suite@670b40af]" name="TC_011_verify_ManualAtendance_column" duration-ms="615" started-at="2018-02-01T19:08:01Z" finished-at="2018-02-01T19:08:02Z">
          <reporter-output>
          </reporter-output>
        </test-method> <!-- TC_011_verify_ManualAtendance_column -->
        <test-method status="PASS" signature="beforeMethod(java.lang.reflect.Method)[pri:0, instance:com.Cogniphy.Protection.Muthoot.TestSuites.ERTPerformance_Suite@670b40af]" name="beforeMethod" is-config="true" duration-ms="0" started-at="2018-02-01T19:08:01Z" finished-at="2018-02-01T19:08:01Z">
          <params>
            <param index="0">
              <value>
                <![CDATA[public void com.Cogniphy.Protection.Muthoot.TestSuites.ERTPerformance_Suite.TC_011_verify_ManualAtendance_column()]]>
              </value>
            </param>
          </params>
          <reporter-output>
          </reporter-output>
        </test-method> <!-- beforeMethod -->
        <test-method status="PASS" signature="toEndTest()[pri:0, instance:com.Cogniphy.Protection.Muthoot.TestSuites.ERTPerformance_Suite@670b40af]" name="toEndTest" is-config="true" duration-ms="675" started-at="2018-02-01T19:08:02Z" finished-at="2018-02-01T19:08:03Z">
          <reporter-output>
          </reporter-output>
        </test-method> <!-- toEndTest -->
        <test-method status="PASS" signature="afterMethod(org.testng.ITestResult)[pri:0, instance:com.Cogniphy.Protection.Muthoot.TestSuites.ERTPerformance_Suite@670b40af]" name="afterMethod" is-config="true" duration-ms="0" started-at="2018-02-01T19:08:02Z" finished-at="2018-02-01T19:08:02Z">
          <params>
            <param index="0">
              <value>
                <![CDATA[[TestResult name=TC_011_verify_ManualAtendance_column status=SUCCESS method=ERTPerformance_Suite.TC_011_verify_ManualAtendance_column()[pri:0, instance:com.Cogniphy.Protection.Muthoot.TestSuites.ERTPerformance_Suite@670b40af] output={null}]]]>
              </value>
            </param>
          </params>
          <reporter-output>
          </reporter-output>
        </test-method> <!-- afterMethod -->
        <test-method status="PASS" signature="afterTest()[pri:0, instance:com.Cogniphy.Protection.Muthoot.TestSuites.ERTPerformance_Suite@670b40af]" name="afterTest" is-config="true" duration-ms="2823" started-at="2018-02-01T19:08:03Z" finished-at="2018-02-01T19:08:06Z">
          <reporter-output>
          </reporter-output>
        </test-method> <!-- afterTest -->
      </class> <!-- com.Cogniphy.Protection.Muthoot.TestSuites.ERTPerformance_Suite -->
    </test> <!-- Default test -->
  </suite> <!-- Default suite -->
</testng-results>
